# JRE version: Java(TM) SE Runtime Environment (8.0_261-b12) (build 1.8.0_261-b12)
# Java VM: Java HotSpot(TM) 64-Bit Server VM (25.261-b12 mixed mode linux-amd64 compressed oops)
Heap:
 PSYoungGen      total 2506752K, used 17257K [0x0000000715580000, 0x00000007b0880000, 0x00000007c0000000)
  eden space 2470912K, 0% used [0x0000000715580000,0x0000000715580000,0x00000007ac280000)
  from space 35840K, 48% used [0x00000007ac280000,0x00000007ad35a770,0x00000007ae580000)
  to   space 30208K, 0% used [0x00000007aeb00000,0x00000007aeb00000,0x00000007b0880000)
 ParOldGen       total 282624K, used 108698K [0x00000005c0000000, 0x00000005d1400000, 0x0000000715580000)
  object space 282624K, 38% used [0x00000005c0000000,0x00000005c6a26870,0x00000005d1400000)
 Metaspace       used 129878K, capacity 142350K, committed 142528K, reserved 1173504K
  class space    used 17203K, capacity 18359K, committed 18408K, reserved 1048576K
GC Heap History (10 events):
Event: 14.891 GC heap after
Heap after GC invocations=26 (full 4):
 PSYoungGen      total 1834496K, used 17638K [0x0000000715580000, 0x0000000789d00000, 0x00000007c0000000)
  eden space 1816576K, 0% used [0x0000000715580000,0x0000000715580000,0x0000000784380000)
  from space 17920K, 98% used [0x0000000788b80000,0x0000000789cb99a8,0x0000000789d00000)
  to   space 39424K, 0% used [0x0000000785000000,0x0000000785000000,0x0000000787680000)
 ParOldGen       total 282624K, used 106679K [0x00000005c0000000, 0x00000005d1400000, 0x0000000715580000)
  object space 282624K, 37% used [0x00000005c0000000,0x00000005c682df20,0x00000005d1400000)
 Metaspace       used 129596K, capacity 142062K, committed 142272K, reserved 1173504K
  class space    used 17174K, capacity 18332K, committed 18408K, reserved 1048576K
}
Event: 16.266 GC heap before
{Heap before GC invocations=27 (full 4):
 PSYoungGen      total 1834496K, used 1834214K [0x0000000715580000, 0x0000000789d00000, 0x00000007c0000000)
  eden space 1816576K, 100% used [0x0000000715580000,0x0000000784380000,0x0000000784380000)
  from space 17920K, 98% used [0x0000000788b80000,0x0000000789cb99a8,0x0000000789d00000)
  to   space 39424K, 0% used [0x0000000785000000,0x0000000785000000,0x0000000787680000)
 ParOldGen       total 282624K, used 106679K [0x00000005c0000000, 0x00000005d1400000, 0x0000000715580000)
  object space 282624K, 37% used [0x00000005c0000000,0x00000005c682df20,0x00000005d1400000)
 Metaspace       used 129611K, capacity 142070K, committed 142272K, reserved 1173504K
  class space    used 17175K, capacity 18332K, committed 18408K, reserved 1048576K
Event: 16.394 GC heap after
Heap after GC invocations=27 (full 4):
 PSYoungGen      total 1868800K, used 13378K [0x0000000715580000, 0x00000007a1300000, 0x00000007c0000000)
  eden space 1829376K, 0% used [0x0000000715580000,0x0000000715580000,0x0000000785000000)
  from space 39424K, 33% used [0x0000000785000000,0x0000000785d10850,0x0000000787680000)
  to   space 38912K, 0% used [0x000000079ed00000,0x000000079ed00000,0x00000007a1300000)
 ParOldGen       total 282624K, used 106687K [0x00000005c0000000, 0x00000005d1400000, 0x0000000715580000)
  object space 282624K, 37% used [0x00000005c0000000,0x00000005c682ff20,0x00000005d1400000)
 Metaspace       used 129611K, capacity 142070K, committed 142272K, reserved 1173504K
  class space    used 17175K, capacity 18332K, committed 18408K, reserved 1048576K
}
Event: 17.710 GC heap before
{Heap before GC invocations=28 (full 4):
 PSYoungGen      total 1868800K, used 1842591K [0x0000000715580000, 0x00000007a1300000, 0x00000007c0000000)
  eden space 1829376K, 99% used [0x0000000715580000,0x0000000784fd7618,0x0000000785000000)
  from space 39424K, 33% used [0x0000000785000000,0x0000000785d10850,0x0000000787680000)
  to   space 38912K, 0% used [0x000000079ed00000,0x000000079ed00000,0x00000007a1300000)
 ParOldGen       total 282624K, used 106687K [0x00000005c0000000, 0x00000005d1400000, 0x0000000715580000)
  object space 282624K, 37% used [0x00000005c0000000,0x00000005c682ff20,0x00000005d1400000)
 Metaspace       used 129823K, capacity 142346K, committed 142528K, reserved 1173504K
  class space    used 17203K, capacity 18359K, committed 18408K, reserved 1048576K
Event: 17.721 GC heap after
Heap after GC invocations=28 (full 4):
 PSYoungGen      total 2208768K, used 18445K [0x0000000715580000, 0x000000079ff80000, 0x00000007c0000000)
  eden space 2189824K, 0% used [0x0000000715580000,0x0000000715580000,0x000000079b000000)
  from space 18944K, 97% used [0x000000079ed00000,0x000000079ff03560,0x000000079ff80000)
  to   space 37376K, 0% used [0x000000079b680000,0x000000079b680000,0x000000079db00000)
 ParOldGen       total 282624K, used 107080K [0x00000005c0000000, 0x00000005d1400000, 0x0000000715580000)
  object space 282624K, 37% used [0x00000005c0000000,0x00000005c6892008,0x00000005d1400000)
 Metaspace       used 129823K, capacity 142346K, committed 142528K, reserved 1173504K
  class space    used 17203K, capacity 18359K, committed 18408K, reserved 1048576K
}
Event: 19.626 GC heap before
{Heap before GC invocations=29 (full 4):
 PSYoungGen      total 2208768K, used 2208269K [0x0000000715580000, 0x000000079ff80000, 0x00000007c0000000)
  eden space 2189824K, 100% used [0x0000000715580000,0x000000079b000000,0x000000079b000000)
  from space 18944K, 97% used [0x000000079ed00000,0x000000079ff03560,0x000000079ff80000)
  to   space 37376K, 0% used [0x000000079b680000,0x000000079b680000,0x000000079db00000)
 ParOldGen       total 282624K, used 107080K [0x00000005c0000000, 0x00000005d1400000, 0x0000000715580000)
  object space 282624K, 37% used [0x00000005c0000000,0x00000005c6892008,0x00000005d1400000)
 Metaspace       used 129823K, capacity 142346K, committed 142528K, reserved 1173504K
  class space    used 17203K, capacity 18359K, committed 18408K, reserved 1048576K
Event: 19.637 GC heap after
Heap after GC invocations=29 (full 4):
 PSYoungGen      total 2233856K, used 18203K [0x0000000715580000, 0x00000007b0e00000, 0x00000007c0000000)
  eden space 2196480K, 0% used [0x0000000715580000,0x0000000715580000,0x000000079b680000)
  from space 37376K, 48% used [0x000000079b680000,0x000000079c846f78,0x000000079db00000)
  to   space 35840K, 0% used [0x00000007aeb00000,0x00000007aeb00000,0x00000007b0e00000)
 ParOldGen       total 282624K, used 107826K [0x00000005c0000000, 0x00000005d1400000, 0x0000000715580000)
  object space 282624K, 38% used [0x00000005c0000000,0x00000005c694c8e0,0x00000005d1400000)
 Metaspace       used 129823K, capacity 142346K, committed 142528K, reserved 1173504K
  class space    used 17203K, capacity 18359K, committed 18408K, reserved 1048576K
}
Event: 21.704 GC heap before
{Heap before GC invocations=30 (full 4):
 PSYoungGen      total 2233856K, used 2214683K [0x0000000715580000, 0x00000007b0e00000, 0x00000007c0000000)
  eden space 2196480K, 100% used [0x0000000715580000,0x000000079b680000,0x000000079b680000)
  from space 37376K, 48% used [0x000000079b680000,0x000000079c846f78,0x000000079db00000)
  to   space 35840K, 0% used [0x00000007aeb00000,0x00000007aeb00000,0x00000007b0e00000)
 ParOldGen       total 282624K, used 107846K [0x00000005c0000000, 0x00000005d1400000, 0x0000000715580000)
  object space 282624K, 38% used [0x00000005c0000000,0x00000005c6951a80,0x00000005d1400000)
 Metaspace       used 129867K, capacity 142350K, committed 142528K, reserved 1173504K
  class space    used 17203K, capacity 18359K, committed 18408K, reserved 1048576K
Event: 21.737 GC heap after
Heap after GC invocations=30 (full 4):
 PSYoungGen      total 2501120K, used 23547K [0x0000000715580000, 0x00000007b0880000, 0x00000007c0000000)
  eden space 2470912K, 0% used [0x0000000715580000,0x0000000715580000,0x00000007ac280000)
  from space 30208K, 77% used [0x00000007aeb00000,0x00000007b01fef80,0x00000007b0880000)
  to   space 35840K, 0% used [0x00000007ac280000,0x00000007ac280000,0x00000007ae580000)
 ParOldGen       total 282624K, used 107854K [0x00000005c0000000, 0x00000005d1400000, 0x0000000715580000)
  object space 282624K, 38% used [0x00000005c0000000,0x00000005c6953a80,0x00000005d1400000)
 Metaspace       used 129867K, capacity 142350K, committed 142528K, reserved 1173504K
  class space    used 17203K, capacity 18359K, committed 18408K, reserved 1048576K
}
Event: 24.859 GC heap before
{Heap before GC invocations=31 (full 4):
 PSYoungGen      total 2501120K, used 2494459K [0x0000000715580000, 0x00000007b0880000, 0x00000007c0000000)
  eden space 2470912K, 100% used [0x0000000715580000,0x00000007ac280000,0x00000007ac280000)
  from space 30208K, 77% used [0x00000007aeb00000,0x00000007b01fef80,0x00000007b0880000)
  to   space 35840K, 0% used [0x00000007ac280000,0x00000007ac280000,0x00000007ae580000)
 ParOldGen       total 282624K, used 108698K [0x00000005c0000000, 0x00000005d1400000, 0x0000000715580000)
  object space 282624K, 38% used [0x00000005c0000000,0x00000005c6a26870,0x00000005d1400000)
 Metaspace       used 129878K, capacity 142350K, committed 142528K, reserved 1173504K
  class space    used 17203K, capacity 18359K, committed 18408K, reserved 1048576K

